[debug] [2023-02-14T07:16:42.556Z] ----------------------------------------------------------------------
[debug] [2023-02-14T07:16:42.559Z] Command:       C:\Program Files\nodejs\node.exe C:\Users\Dell\AppData\Roaming\npm\node_modules\firebase-tools\lib\bin\firebase.js init
[debug] [2023-02-14T07:16:42.560Z] CLI Version:   11.1.0
[debug] [2023-02-14T07:16:42.561Z] Platform:      win32
[debug] [2023-02-14T07:16:42.561Z] Node Version:  v18.12.0
[debug] [2023-02-14T07:16:42.564Z] Time:          Tue Feb 14 2023 12:46:42 GMT+0530 (India Standard Time)
[debug] [2023-02-14T07:16:42.565Z] ----------------------------------------------------------------------
[debug] 
[debug] [2023-02-14T07:16:42.586Z] > command requires scopes: ["email","openid","https://www.googleapis.com/auth/cloudplatformprojects.readonly","https://www.googleapis.com/auth/firebase","https://www.googleapis.com/auth/cloud-platform"]
[debug] [2023-02-14T07:16:42.588Z] > authorizing via signed-in user (andydowsen47us@gmail.com)
[info] 
     ######## #### ########  ######## ########     ###     ######  ########
     ##        ##  ##     ## ##       ##     ##  ##   ##  ##       ##
     ######    ##  ########  ######   ########  #########  ######  ######
     ##        ##  ##    ##  ##       ##     ## ##     ##       ## ##
     ##       #### ##     ## ######## ########  ##     ##  ######  ########

You're about to initialize a Firebase project in this directory:

  D:\Workspace@Anshu.edu~~\Organisation\Linkhive\linkhive

[info] 
=== Project Setup
[info] 
[info] First, let's associate this project directory with a Firebase project.
[info] You can create multiple project aliases by running firebase use --add, 
[info] but for now we'll just set up a default project.
[info] 
[info] i  If you want to create a project in a Google Cloud organization or folder, please use "firebase projects:create" instead, and return to this command when you've created the project. 
[debug] [2023-02-14T07:17:12.059Z] >>> [apiv2][query] POST https://cloudresourcemanager.googleapis.com/v1/projects [none]
[debug] [2023-02-14T07:17:12.060Z] >>> [apiv2][body] POST https://cloudresourcemanager.googleapis.com/v1/projects {"projectId":"firebase-func","name":"firebase-func"}
[debug] [2023-02-14T07:17:13.877Z] <<< [apiv2][status] POST https://cloudresourcemanager.googleapis.com/v1/projects 409
[debug] [2023-02-14T07:17:13.877Z] <<< [apiv2][body] POST https://cloudresourcemanager.googleapis.com/v1/projects {"error":{"code":409,"message":"Requested entity already exists","status":"ALREADY_EXISTS"}}
[debug] [2023-02-14T07:17:14.126Z] FirebaseError: HTTP Error: 409, Requested entity already exists
    at responseToError (C:\Users\Dell\AppData\Roaming\npm\node_modules\firebase-tools\lib\responseToError.js:49:12)
    at RetryOperation._fn (C:\Users\Dell\AppData\Roaming\npm\node_modules\firebase-tools\lib\apiv2.js:287:77)
    at process.processTicksAndRejections (node:internal/process/task_queues:95:5)
[error] 
[error] Error: Failed to create project because there is already a project with ID firebase-func. Please try again with a unique project ID.
[debug] [2023-02-14T07:17:40.153Z] ----------------------------------------------------------------------
[debug] [2023-02-14T07:17:40.163Z] Command:       C:\Program Files\nodejs\node.exe C:\Users\Dell\AppData\Roaming\npm\node_modules\firebase-tools\lib\bin\firebase.js init functions
[debug] [2023-02-14T07:17:40.165Z] CLI Version:   11.1.0
[debug] [2023-02-14T07:17:40.165Z] Platform:      win32
[debug] [2023-02-14T07:17:40.166Z] Node Version:  v18.12.0
[debug] [2023-02-14T07:17:40.169Z] Time:          Tue Feb 14 2023 12:47:40 GMT+0530 (India Standard Time)
[debug] [2023-02-14T07:17:40.170Z] ----------------------------------------------------------------------
[debug] 
[debug] [2023-02-14T07:17:40.213Z] > command requires scopes: ["email","openid","https://www.googleapis.com/auth/cloudplatformprojects.readonly","https://www.googleapis.com/auth/firebase","https://www.googleapis.com/auth/cloud-platform"]
[debug] [2023-02-14T07:17:40.217Z] > authorizing via signed-in user (andydowsen47us@gmail.com)
[info] 
     ######## #### ########  ######## ########     ###     ######  ########
     ##        ##  ##     ## ##       ##     ##  ##   ##  ##       ##
     ######    ##  ########  ######   ########  #########  ######  ######
     ##        ##  ##    ##  ##       ##     ## ##     ##       ## ##
     ##       #### ##     ## ######## ########  ##     ##  ######  ########

You're about to initialize a Firebase project in this directory:

  D:\Workspace@Anshu.edu~~\Organisation\Linkhive\linkhive

